<?xml version="1.0" encoding="UTF-8"?>
<testng-results total="2" passed="2" failed="0" skipped="0">
  <reporter-output>
  </reporter-output>
  <suite started-at="2019-01-24T19:08:35Z" name="Default suite" finished-at="2019-01-24T19:12:20Z" duration-ms="224819">
    <groups>
    </groups>
    <test started-at="2019-01-24T19:08:35Z" name="Default test" finished-at="2019-01-24T19:12:20Z" duration-ms="224819">
      <class name="mavenDemo.InboxDollars">
        <test-method signature="LoginInboxDollars()[pri:0, instance:mavenDemo.InboxDollars@6ad82709]" started-at="2019-01-24T13:08:35Z" name="LoginInboxDollars" finished-at="2019-01-24T13:08:50Z" duration-ms="15764" status="PASS">
          <reporter-output>
          </reporter-output>
        </test-method> <!-- LoginInboxDollars -->
        <test-method signature="ReadDailyPaidEmail()[pri:0, instance:mavenDemo.InboxDollars@6ad82709]" started-at="2019-01-24T13:08:51Z" name="ReadDailyPaidEmail" finished-at="2019-01-24T13:12:20Z" duration-ms="209036" status="PASS">
          <reporter-output>
          </reporter-output>
        </test-method> <!-- ReadDailyPaidEmail -->
      </class> <!-- mavenDemo.InboxDollars -->
    </test> <!-- Default test -->
  </suite> <!-- Default suite -->
</testng-results>
