<?xml version="1.0" encoding="UTF-8"?>
<!-- Generated by org.testng.reporters.JUnitXMLReporter -->
<testsuite hostname="DESKTOP-M2CO299" failures="1" tests="1" name="Default test(failed)" time="0.04" errors="0" timestamp="30 Oct 2018 18:08:28 GMT">
  <testcase classname="mavenDemo.Fusion_cash" name="Answer_PaidToClickPage" time="0.018">
    <failure type="java.lang.NullPointerException">
      <![CDATA[java.lang.NullPointerException
	at mavenDemo.Fusion_cash.Answer_PaidToClickPage(Fusion_cash.java:58)
... Removed 24 stack frames]]>
    </failure>
  </testcase> <!-- Answer_PaidToClickPage -->
</testsuite> <!-- Default test(failed) -->
