<?xml version="1.0" encoding="UTF-8"?>
<!-- Generated by org.testng.reporters.JUnitXMLReporter -->
<testsuite hostname="DESKTOP-M2CO299" failures="0" tests="4" name="Test" time="0.056" errors="0" timestamp="14 Jan 2019 16:03:46 GMT">
  <testcase classname="testng_prac.Param" name="Testcase3" time="0.011"/>
  <testcase classname="testng_prac.Param" name="parameterTest" time="0.005"/>
  <testcase classname="testng_prac.Testng_annotations" name="testcase1" time="0.002"/>
  <testcase classname="testng_prac.Testng_annotations" name="testcase2" time="0.003"/>
</testsuite> <!-- Test -->
